<?xml version="1.0" encoding="UTF-8"?>
<!-- Generated by org.testng.reporters.JUnitReportReporter -->
<testsuite skipped="0" hostname="DESKTOP-FRF1PC9" name="TestNhanVien.TestNGTestUpdateAccount" tests="1" failures="0" timestamp="2020-03-09T22:28:15 ICT" time="7.861" errors="0">
  <testcase name="UpdateAccountFromDataBase" time="7.861" classname="TestNhanVien.TestNGTestUpdateAccount"/>
</testsuite> <!-- TestNhanVien.TestNGTestUpdateAccount -->
