<?xml version="1.0" encoding="UTF-8"?>
<!-- Generated by org.testng.reporters.JUnitReportReporter -->
<testsuite skipped="0" hostname="DESKTOP-FRF1PC9" name="TestSanPham.TestNGDeleteSanPham" tests="1" failures="0" timestamp="2020-03-05T14:08:08 ICT" time="2.245" errors="0">
  <testcase name="DeleteAccountsFromDataBase" time="2.245" classname="TestSanPham.TestNGDeleteSanPham"/>
</testsuite> <!-- TestSanPham.TestNGDeleteSanPham -->
