<?xml version="1.0" encoding="UTF-8"?>
<!-- Generated by org.testng.reporters.JUnitReportReporter -->
<testsuite skipped="0" hostname="DESKTOP-FRF1PC9" name="TestNhanVien.TestNGAccount" tests="1" failures="0" timestamp="2020-03-09T22:26:42 ICT" time="0.072" errors="0">
  <testcase name="ExportAccountsFromDatabase" time="0.072" classname="TestNhanVien.TestNGAccount"/>
</testsuite> <!-- TestNhanVien.TestNGAccount -->
