<?xml version="1.0" encoding="UTF-8"?>
<!-- Generated by org.testng.reporters.JUnitReportReporter -->
<testsuite skipped="0" hostname="DESKTOP-FRF1PC9" name="TestNhanVien.TestNGDeleteAccount" tests="1" failures="0" timestamp="2020-03-09T22:26:57 ICT" time="2.361" errors="0">
  <testcase name="DeleteAccountsFromDataBase" time="2.361" classname="TestNhanVien.TestNGDeleteAccount"/>
</testsuite> <!-- TestNhanVien.TestNGDeleteAccount -->
