<?xml version="1.0" encoding="UTF-8"?>
<!-- Generated by org.testng.reporters.JUnitReportReporter -->
<testsuite skipped="0" hostname="DESKTOP-FRF1PC9" name="TestSanPham.TestNGSanPham" tests="1" failures="0" timestamp="2020-03-05T14:08:14 ICT" time="0.070" errors="0">
  <testcase name="ExportAccountsFromDatabase" time="0.070" classname="TestSanPham.TestNGSanPham"/>
</testsuite> <!-- TestSanPham.TestNGSanPham -->
