<?xml version="1.0" encoding="UTF-8"?>
<!-- Generated by org.testng.reporters.JUnitReportReporter -->
<testsuite skipped="0" hostname="DESKTOP-FRF1PC9" name="TestSanPham.TestNGAddSanPham" tests="1" failures="0" timestamp="2020-03-05T14:04:52 ICT" time="13.213" errors="0">
  <testcase name="AddAccountsFromDataBase" time="13.213" classname="TestSanPham.TestNGAddSanPham"/>
</testsuite> <!-- TestSanPham.TestNGAddSanPham -->
