<?xml version="1.0" encoding="UTF-8"?>
<!-- Generated by org.testng.reporters.JUnitReportReporter -->
<testsuite skipped="0" hostname="DESKTOP-FRF1PC9" name="TestAccount.TestNGAccount" tests="1" failures="0" timestamp="2020-03-05T14:16:03 ICT" time="0.071" errors="0">
  <testcase name="ExportAccountsFromDatabase" time="0.071" classname="TestAccount.TestNGAccount"/>
</testsuite> <!-- TestAccount.TestNGAccount -->
