<?xml version="1.0" encoding="UTF-8"?>
<!-- Generated by org.testng.reporters.JUnitReportReporter -->
<testsuite skipped="0" hostname="DESKTOP-FRF1PC9" name="TestAccount.TestNGDeleteAccount" tests="1" failures="0" timestamp="2020-03-04T11:17:41 ICT" time="3.998" errors="0">
  <testcase name="DeleteAccountsFromDataBase" time="3.998" classname="TestAccount.TestNGDeleteAccount"/>
</testsuite> <!-- TestAccount.TestNGDeleteAccount -->
