<?xml version="1.0" encoding="UTF-8"?>
<!-- Generated by org.testng.reporters.JUnitReportReporter -->
<testsuite skipped="0" hostname="DESKTOP-FRF1PC9" name="TestAccount.TestNGAddAccount" tests="1" failures="0" timestamp="2020-03-03T15:11:39 ICT" time="17.073" errors="0">
  <testcase name="AddAccountsFromDataBase" time="17.073" classname="TestAccount.TestNGAddAccount"/>
</testsuite> <!-- TestAccount.TestNGAddAccount -->
