<?xml version="1.0" encoding="UTF-8"?>
<!-- Generated by org.testng.reporters.JUnitReportReporter -->
<testsuite skipped="0" hostname="DESKTOP-FRF1PC9" name="TestNhanVien.TestNGAddAccount" tests="1" failures="0" timestamp="2020-03-09T22:24:31 ICT" time="24.337" errors="0">
  <testcase name="AddAccountsFromDataBase" time="24.337" classname="TestNhanVien.TestNGAddAccount"/>
</testsuite> <!-- TestNhanVien.TestNGAddAccount -->
